2014-12-09 17:05:27.683321 JST	/computer/haskell/coding/this_server/stmfile_hs.html PC
2014-12-09 17:05:30.374028 JST	/images/vcss.png PC
2014-12-09 17:05:30.39246 JST	/images/html5-badge-h-css3-semantics.png PC
2014-12-09 17:05:30.398976 JST	/css/basic.css PC
2014-12-09 17:05:30.442679 JST	/favicon.ico PC
2014-12-09 17:07:42.681528 JST	/ Phone
2014-12-09 17:07:44.821513 JST	/css/basic.css Phone
2014-12-09 17:07:45.951531 JST	/images/vcss.png Phone
2014-12-09 17:07:46.082286 JST	/images/html5-badge-h-css3-semantics.png Phone
2014-12-09 17:08:48.837937 JST	/computer/haskell/lecture/introduction.html Phone
2014-12-09 17:08:49.308316 JST	/css/basic.css Phone
2014-12-09 17:08:49.476489 JST	/images/vcss.png Phone
2014-12-09 17:08:49.528282 JST	/images/html5-badge-h-css3-semantics.png Phone
2014-12-09 17:14:37.18662 JST	/ PC
2014-12-09 17:14:39.949812 JST	/css/basic.css PC
2014-12-09 17:14:40.044298 JST	/images/vcss.png PC
2014-12-09 17:14:39.98142 JST	/images/html5-badge-h-css3-semantics.png PC
2014-12-09 17:14:41.093786 JST	/favicon.ico PC
2014-12-09 17:14:46.371577 JST	/todo.html PC
2014-12-09 17:14:49.218448 JST	/images/vcss.png PC
2014-12-09 17:14:49.228854 JST	/images/html5-badge-h-css3-semantics.png PC
2014-12-09 17:14:49.26648 JST	/css/basic.css PC
2014-12-09 17:14:49.296907 JST	/favicon.ico PC
2014-12-09 17:15:09.510711 JST	/todo.html PC
2014-12-09 17:15:11.613955 JST	/css/basic.css PC
2014-12-09 17:15:11.616309 JST	/images/vcss.png PC
2014-12-09 17:15:11.689944 JST	/images/html5-badge-h-css3-semantics.png PC
2014-12-09 17:15:11.732545 JST	/favicon.ico PC
2014-12-09 17:15:37.793321 JST	/todo.html PC
2014-12-09 17:15:40.225278 JST	/css/basic.css PC
2014-12-09 17:15:40.290688 JST	/images/vcss.png PC
2014-12-09 17:15:40.225867 JST	/images/html5-badge-h-css3-semantics.png PC
2014-12-09 17:15:41.33169 JST	/favicon.ico PC
2014-12-09 17:15:59.317382 JST	/todo.html PC
2014-12-09 17:16:02.104674 JST	/css/basic.css PC
2014-12-09 17:16:02.192561 JST	/images/html5-badge-h-css3-semantics.png PC
2014-12-09 17:16:02.212544 JST	/images/vcss.png PC
2014-12-09 17:16:02.252475 JST	/favicon.ico PC
2014-12-09 17:16:11.869889 JST	/todo.html PC
2014-12-09 17:16:14.662657 JST	/images/vcss.png PC
2014-12-09 17:16:14.6651 JST	/css/basic.css PC
2014-12-09 17:16:14.744197 JST	/images/html5-badge-h-css3-semantics.png PC
2014-12-09 17:16:14.776212 JST	/favicon.ico PC
2014-12-09 17:16:22.813008 JST	/todo.html PC
2014-12-09 17:16:25.741485 JST	/css/basic.css PC
2014-12-09 17:16:25.825024 JST	/images/vcss.png PC
2014-12-09 17:16:25.861725 JST	/images/html5-badge-h-css3-semantics.png PC
2014-12-09 17:16:25.894726 JST	/favicon.ico PC
2014-12-09 17:16:34.71389 JST	/todo.html PC
2014-12-09 17:16:37.430116 JST	/images/vcss.png PC
2014-12-09 17:16:37.459213 JST	/css/basic.css PC
2014-12-09 17:16:37.524168 JST	/images/html5-badge-h-css3-semantics.png PC
2014-12-09 17:16:37.595167 JST	/favicon.ico PC
2014-12-09 17:16:52.838253 JST	/todo.html PC
2014-12-09 17:16:52.948834 JST	/css/basic.css PC
2014-12-09 17:16:53.854838 JST	/images/vcss.png PC
2014-12-09 17:16:53.873231 JST	/images/html5-badge-h-css3-semantics.png PC
2014-12-09 17:17:00.202973 JST	/favicon.ico PC
2014-12-09 17:17:03.569719 JST	/todo.html PC
2014-12-09 17:17:06.123159 JST	/images/vcss.png PC
2014-12-09 17:17:06.314412 JST	/css/basic.css PC
2014-12-09 17:17:06.346059 JST	/images/html5-badge-h-css3-semantics.png PC
2014-12-09 17:17:06.391391 JST	/favicon.ico PC
2014-12-09 17:17:14.628849 JST	/todo.html PC
2014-12-09 17:17:17.083141 JST	/images/vcss.png PC
2014-12-09 17:17:17.103124 JST	/css/basic.css PC
2014-12-09 17:17:17.189969 JST	/images/html5-badge-h-css3-semantics.png PC
2014-12-09 17:17:17.22762 JST	/favicon.ico PC
2014-12-09 17:17:33.444727 JST	/todo.html PC
2014-12-09 17:17:36.055962 JST	/images/vcss.png PC
2014-12-09 17:17:36.079137 JST	/css/basic.css PC
2014-12-09 17:17:36.095745 JST	/images/html5-badge-h-css3-semantics.png PC
2014-12-09 17:17:36.14356 JST	/favicon.ico PC
2014-12-09 17:17:40.308399 JST	/todo.html PC
2014-12-09 17:17:43.036175 JST	/images/vcss.png PC
2014-12-09 17:17:43.075921 JST	/css/basic.css PC
2014-12-09 17:17:43.111182 JST	/images/html5-badge-h-css3-semantics.png PC
2014-12-09 17:17:43.222052 JST	/favicon.ico PC
2014-12-09 17:18:38.474912 JST	/todo.html PC
2014-12-09 17:18:40.863599 JST	/css/basic.css PC
2014-12-09 17:18:40.873845 JST	/images/html5-badge-h-css3-semantics.png PC
2014-12-09 17:18:40.875192 JST	/images/vcss.png PC
2014-12-09 17:18:41.517868 JST	/favicon.ico PC
2014-12-09 17:19:05.89434 JST	/todo.html PC
2014-12-09 17:19:08.459909 JST	/images/vcss.png PC
2014-12-09 17:19:08.521924 JST	/css/basic.css PC
2014-12-09 17:19:08.578954 JST	/images/html5-badge-h-css3-semantics.png PC
2014-12-09 17:19:08.616622 JST	/favicon.ico PC
2014-12-09 17:25:31.859766 JST	/todo.html PC
2014-12-09 17:25:34.462641 JST	/css/basic.css PC
2014-12-09 17:25:34.536998 JST	/images/html5-badge-h-css3-semantics.png PC
2014-12-09 17:25:34.547656 JST	/images/vcss.png PC
2014-12-09 17:25:34.579464 JST	/favicon.ico PC
2014-12-09 17:25:41.293705 JST	/todo.html PC
2014-12-09 17:25:43.718457 JST	/css/basic.css PC
2014-12-09 17:25:43.857981 JST	/images/html5-badge-h-css3-semantics.png PC
2014-12-09 17:25:43.877308 JST	/images/vcss.png PC
2014-12-09 17:25:43.909415 JST	/favicon.ico PC
2014-12-09 17:27:27.979328 JST	/computer/haskell/lecture/introduction.html Phone
2014-12-09 17:27:34.84968 JST	/computer/haskell/lecture/introduction.html Phone
2014-12-09 17:27:35.159122 JST	/css/basic.css Phone
2014-12-09 17:27:35.349545 JST	/images/vcss.png Phone
2014-12-09 17:27:35.53132 JST	/images/html5-badge-h-css3-semantics.png Phone
2014-12-09 17:28:17.218374 JST	/todo.html PC
2014-12-09 17:28:19.625417 JST	/css/basic.css PC
2014-12-09 17:28:19.66534 JST	/images/html5-badge-h-css3-semantics.png PC
2014-12-09 17:28:19.745045 JST	/images/vcss.png PC
2014-12-09 17:28:19.776147 JST	/favicon.ico PC
2014-12-09 17:29:21.53381 JST	/todo.html PC
2014-12-09 17:29:24.220134 JST	/images/html5-badge-h-css3-semantics.png PC
2014-12-09 17:29:24.222148 JST	/css/basic.css PC
2014-12-09 17:29:24.25453 JST	/images/vcss.png PC
2014-12-09 17:29:24.293256 JST	/favicon.ico PC
2014-12-09 17:29:40.077744 JST	/todo.html PC
2014-12-09 17:29:42.31066 JST	/images/vcss.png PC
2014-12-09 17:29:42.440484 JST	/images/html5-badge-h-css3-semantics.png PC
2014-12-09 17:29:42.330934 JST	/css/basic.css PC
2014-12-09 17:29:43.393666 JST	/favicon.ico PC
2014-12-09 17:31:29.460263 JST	/todo.html PC
2014-12-09 17:31:31.833163 JST	/images/vcss.png PC
2014-12-09 17:31:31.848385 JST	/css/basic.css PC
2014-12-09 17:31:31.930838 JST	/images/html5-badge-h-css3-semantics.png PC
2014-12-09 17:31:31.970495 JST	/favicon.ico PC
2014-12-09 17:31:39.690104 JST	/todo.html PC
2014-12-09 17:31:42.249222 JST	/images/vcss.png PC
2014-12-09 17:31:42.332353 JST	/css/basic.css PC
2014-12-09 17:31:42.394708 JST	/images/html5-badge-h-css3-semantics.png PC
2014-12-09 17:31:42.428562 JST	/favicon.ico PC
2014-12-09 17:31:53.961156 JST	/ PC
2014-12-09 17:31:57.238007 JST	/images/vcss.png PC
2014-12-09 17:31:57.259804 JST	/css/basic.css PC
2014-12-09 17:31:57.266883 JST	/images/html5-badge-h-css3-semantics.png PC
2014-12-09 17:31:57.315064 JST	/favicon.ico PC
2014-12-09 17:31:58.164113 JST	/todo.html PC
2014-12-09 17:31:58.252121 JST	/css/basic.css PC
2014-12-09 17:31:59.390842 JST	/images/html5-badge-h-css3-semantics.png PC
2014-12-09 17:31:59.401647 JST	/images/vcss.png PC
2014-12-09 17:32:00.104169 JST	/favicon.ico PC
2014-12-09 17:32:49.90353 JST	/todo.html PC
2014-12-09 17:32:52.677621 JST	/images/vcss.png PC
2014-12-09 17:32:52.691378 JST	/images/html5-badge-h-css3-semantics.png PC
2014-12-09 17:32:52.715027 JST	/css/basic.css PC
2014-12-09 17:32:52.759673 JST	/favicon.ico PC
2014-12-09 17:33:03.490639 JST	/computer/haskell/lecture PC
2014-12-09 17:33:03.625383 JST	/css/basic.css PC
2014-12-09 17:33:03.661825 JST	/images/vcss.png PC
2014-12-09 17:33:03.704045 JST	/images/html5-badge-h-css3-semantics.png PC
2014-12-09 17:33:03.802707 JST	/favicon.ico PC
2014-12-09 17:33:05.398373 JST	/who PC
2014-12-09 17:33:05.496701 JST	/css/basic.css PC
2014-12-09 17:33:05.499264 JST	/images/vcss.png PC
2014-12-09 17:33:05.501927 JST	/images/html5-badge-h-css3-semantics.png PC
2014-12-09 17:33:05.524227 JST	/who/jibun2.jpg PC
2014-12-09 17:33:05.649993 JST	/favicon.ico PC
2014-12-09 17:33:10.81016 JST	/favicon.ico PC
2014-12-09 17:33:12.355093 JST	/who/computer.html PC
2014-12-09 17:33:12.442535 JST	/css/basic.css PC
2014-12-09 17:33:12.444971 JST	/images/vcss.png PC
2014-12-09 17:33:12.450329 JST	/images/html5-badge-h-css3-semantics.png PC
2014-12-09 17:33:12.626311 JST	/favicon.ico PC
2014-12-09 17:33:16.777133 JST	/favicon.ico PC
2014-12-09 17:33:18.938707 JST	/ PC
2014-12-09 17:33:19.124738 JST	/css/basic.css PC
2014-12-09 17:33:19.141748 JST	/images/html5-badge-h-css3-semantics.png PC
2014-12-09 17:33:19.142311 JST	/images/vcss.png PC
2014-12-09 17:33:20.350555 JST	/favicon.ico PC
2014-12-09 17:33:33.315343 JST	/who PC
2014-12-09 17:33:33.42267 JST	/css/basic.css PC
2014-12-09 17:33:33.427354 JST	/images/html5-badge-h-css3-semantics.png PC
2014-12-09 17:33:33.430657 JST	/images/vcss.png PC
2014-12-09 17:33:33.423161 JST	/who/jibun2.jpg PC
2014-12-09 17:33:34.478568 JST	/favicon.ico PC
2014-12-09 17:33:35.420872 JST	/who/jibun2.jpg PC
2014-12-09 17:33:40.428648 JST	/favicon.ico PC
2014-12-09 17:33:41.530486 JST	/ PC
2014-12-09 17:33:41.699913 JST	/css/basic.css PC
2014-12-09 17:33:41.711151 JST	/images/vcss.png PC
2014-12-09 17:33:41.718049 JST	/images/html5-badge-h-css3-semantics.png PC
2014-12-09 17:33:41.834371 JST	/favicon.ico PC
2014-12-09 17:36:00.455205 JST	/ Phone
2014-12-09 17:36:02.493819 JST	/css/basic.css Phone
2014-12-09 17:36:02.723142 JST	/images/vcss.png Phone
2014-12-09 17:36:02.833566 JST	/images/html5-badge-h-css3-semantics.png Phone
2014-12-09 17:38:02.685884 JST	/
	Mozilla 5.0 Windows NT 6.1; WOW64; rv:15.0 Gecko 20100101 Firefox 15.0.1
2014-12-09 17:38:39.30545 JST	/update.html PC
2014-12-09 17:38:39.416492 JST	/css/basic.css PC
2014-12-09 17:38:39.421082 JST	/images/vcss.png PC
2014-12-09 17:38:39.42883 JST	/images/html5-badge-h-css3-semantics.png PC
2014-12-09 17:38:39.580192 JST	/favicon.ico PC
2014-12-09 17:38:42.601177 JST	/computer/programming/algorithm/stm_file.html PC
2014-12-09 17:38:42.791585 JST	/css/basic.css PC
2014-12-09 17:38:42.794271 JST	/images/vcss.png PC
2014-12-09 17:38:42.794852 JST	/images/html5-badge-h-css3-semantics.png PC
2014-12-09 17:38:43.874022 JST	/favicon.ico PC
2014-12-09 17:38:45.635759 JST	/favicon.ico PC
2014-12-09 17:38:47.48957 JST	/computer/programming/algorithm/lock/deadlock.html PC
2014-12-09 17:38:47.644668 JST	/css/basic.css PC
2014-12-09 17:38:47.648106 JST	/images/vcss.png PC
2014-12-09 17:38:47.653234 JST	/images/html5-badge-h-css3-semantics.png PC
2014-12-09 17:38:47.779531 JST	/favicon.ico PC
2014-12-09 17:38:49.056359 JST	/favicon.ico PC
2014-12-09 17:40:15.427335 JST	/update.html PC
2014-12-09 17:40:15.507338 JST	/css/basic.css PC
2014-12-09 17:40:15.511384 JST	/images/vcss.png PC
2014-12-09 17:40:15.51309 JST	/images/html5-badge-h-css3-semantics.png PC
2014-12-09 17:40:16.55274 JST	/favicon.ico PC
2014-12-09 17:40:17.061288 JST	/computer/programming/haskell/coding/this_server/stmfile_hs.html PC
2014-12-09 17:40:22.195494 JST	/computer/programming/haskell/coding/this_server/stmfile_hs.html PC
2014-12-09 17:40:44.40276 JST	/favicon.ico PC
2014-12-09 17:40:44.883146 JST	/update.html PC
2014-12-09 17:40:44.998296 JST	/css/basic.css PC
2014-12-09 17:40:45.001911 JST	/images/vcss.png PC
2014-12-09 17:40:45.003353 JST	/images/html5-badge-h-css3-semantics.png PC
2014-12-09 17:40:46.080493 JST	/favicon.ico PC
2014-12-09 17:40:46.73134 JST	/computer/haskell/coding/this_server/stmfile_hs.html PC
2014-12-09 17:40:46.902836 JST	/css/basic.css PC
2014-12-09 17:40:46.906866 JST	/images/html5-badge-h-css3-semantics.png PC
2014-12-09 17:40:46.908922 JST	/images/vcss.png PC
2014-12-09 17:40:47.074272 JST	/favicon.ico PC
2014-12-09 17:40:54.365076 JST	/ PC
2014-12-09 17:40:54.438326 JST	/css/basic.css PC
2014-12-09 17:40:54.441694 JST	/images/vcss.png PC
2014-12-09 17:40:54.447506 JST	/images/html5-badge-h-css3-semantics.png PC
2014-12-09 17:40:54.586964 JST	/favicon.ico PC
2014-12-09 17:43:19.578792 JST	/todo.html PC
2014-12-09 17:43:19.659682 JST	/css/basic.css PC
2014-12-09 17:43:19.661179 JST	/images/vcss.png PC
2014-12-09 17:43:19.661614 JST	/images/html5-badge-h-css3-semantics.png PC
2014-12-09 17:43:21.738023 JST	/favicon.ico PC
2014-12-09 17:43:27.088918 JST	/favicon.ico PC
2014-12-09 17:44:30.064354 JST	/ Phone
2014-12-09 17:44:31.782489 JST	/css/basic.css Phone
2014-12-09 17:44:32.022033 JST	/images/vcss.png Phone
2014-12-09 17:44:32.072164 JST	/images/html5-badge-h-css3-semantics.png Phone
2014-12-09 17:44:51.57428 JST	/computer/haskell/lecture/introduction.html Phone
2014-12-09 17:44:52.134295 JST	/css/basic.css Phone
2014-12-09 17:44:52.384262 JST	/images/vcss.png Phone
2014-12-09 17:44:52.504744 JST	/images/html5-badge-h-css3-semantics.png Phone
2014-12-09 17:46:40.493966 JST	/computer/haskell/lecture Phone
2014-12-09 17:46:40.844014 JST	/css/basic.css Phone
2014-12-09 17:46:41.004171 JST	/images/vcss.png Phone
2014-12-09 17:46:41.064058 JST	/images/html5-badge-h-css3-semantics.png Phone
2014-12-09 17:46:46.324104 JST	/who Phone
2014-12-09 17:46:46.80355 JST	/css/basic.css Phone
2014-12-09 17:46:47.23396 JST	/who/jibun2.jpg Phone
2014-12-09 17:46:47.323714 JST	/images/vcss.png Phone
2014-12-09 17:46:47.444127 JST	/images/html5-badge-h-css3-semantics.png Phone
2014-12-09 17:46:53.273827 JST	/who Phone
2014-12-09 17:46:53.704011 JST	/css/basic.css Phone
2014-12-09 17:46:53.933793 JST	/who/jibun2.jpg Phone
2014-12-09 17:46:54.023969 JST	/images/vcss.png Phone
2014-12-09 17:46:54.143983 JST	/images/html5-badge-h-css3-semantics.png Phone
2014-12-09 17:47:01.553798 JST	/computer/haskell/lecture/introduction.html Phone
2014-12-09 17:47:01.983779 JST	/css/basic.css Phone
2014-12-09 17:47:02.233867 JST	/images/vcss.png Phone
2014-12-09 17:47:02.353893 JST	/images/html5-badge-h-css3-semantics.png Phone
2014-12-09 17:47:15.403911 JST	/computer/haskell/lecture/goal.html Phone
2014-12-09 17:47:15.843817 JST	/css/basic.css Phone
2014-12-09 17:47:16.177965 JST	/images/vcss.png Phone
2014-12-09 17:47:16.19391 JST	/images/html5-badge-h-css3-semantics.png Phone
2014-12-09 17:47:20.284099 JST	/computer/haskell/lecture Phone
2014-12-09 17:47:20.77383 JST	/css/basic.css Phone
2014-12-09 17:47:20.994047 JST	/images/vcss.png Phone
2014-12-09 17:47:21.114026 JST	/images/html5-badge-h-css3-semantics.png Phone
2014-12-09 17:48:05.843723 JST	/ PC
2014-12-09 17:48:08.053303 JST	/images/vcss.png PC
2014-12-09 17:48:08.086655 JST	/css/basic.css PC
2014-12-09 17:48:08.171677 JST	/images/html5-badge-h-css3-semantics.png PC
2014-12-09 17:48:08.877227 JST	/favicon.ico PC
2014-12-09 17:48:14.302358 JST	/todo.html PC
2014-12-09 17:48:16.909603 JST	/css/basic.css PC
2014-12-09 17:48:16.975751 JST	/images/vcss.png PC
2014-12-09 17:48:16.985228 JST	/images/html5-badge-h-css3-semantics.png PC
2014-12-09 17:48:17.027261 JST	/favicon.ico PC
2014-12-09 17:49:09.335578 JST	/computer/haskell/lecture/introduction.html PC
2014-12-09 17:49:09.525844 JST	/css/basic.css PC
2014-12-09 17:49:09.529491 JST	/images/vcss.png PC
2014-12-09 17:49:09.527348 JST	/images/html5-badge-h-css3-semantics.png PC
2014-12-09 17:49:10.613859 JST	/favicon.ico PC
2014-12-09 17:49:49.345917 JST	/who/hot_heart.html PC
2014-12-09 17:49:57.891332 JST	/todo.html PC
2014-12-09 17:49:57.990981 JST	/css/basic.css PC
2014-12-09 17:49:57.993187 JST	/images/vcss.png PC
2014-12-09 17:49:57.993882 JST	/images/html5-badge-h-css3-semantics.png PC
2014-12-09 17:50:00.06441 JST	/favicon.ico PC
2014-12-09 17:50:54.275859 JST	/todo.html PC
2014-12-09 17:50:54.349943 JST	/css/basic.css PC
2014-12-09 17:50:54.352729 JST	/images/vcss.png PC
2014-12-09 17:50:54.354251 JST	/images/html5-badge-h-css3-semantics.png PC
2014-12-09 17:50:55.398373 JST	/favicon.ico PC
2014-12-09 17:51:37.633392 JST	/todo.html PC
2014-12-09 17:51:37.714664 JST	/images/html5-badge-h-css3-semantics.png PC
2014-12-09 17:51:37.713134 JST	/css/basic.css PC
2014-12-09 17:51:37.714002 JST	/images/vcss.png PC
2014-12-09 17:51:39.757961 JST	/favicon.ico PC
2014-12-09 17:51:41.286413 JST	/todo.html
	W3C_Validator 1.3 http: /validator.w3.org/services
2014-12-09 17:51:43.282087 JST	/favicon.ico PC
2014-12-09 17:51:48.698688 JST	/todo.html PC
2014-12-09 17:51:48.774287 JST	/css/basic.css PC
2014-12-09 17:51:48.778178 JST	/images/vcss.png PC
2014-12-09 17:51:48.784602 JST	/images/html5-badge-h-css3-semantics.png PC
2014-12-09 17:51:48.892562 JST	/favicon.ico PC
2014-12-09 17:52:08.644628 JST	/todo.html PC
2014-12-09 17:52:08.71641 JST	/css/basic.css PC
2014-12-09 17:52:08.726232 JST	/images/vcss.png PC
2014-12-09 17:52:08.72848 JST	/images/html5-badge-h-css3-semantics.png PC
2014-12-09 17:52:09.773952 JST	/favicon.ico PC
2014-12-09 17:52:28.121521 JST	/ PC
2014-12-09 17:52:28.2355 JST	/images/vcss.png PC
2014-12-09 17:52:28.234697 JST	/css/basic.css PC
2014-12-09 17:52:30.216647 JST	/update.html PC
2014-12-09 17:52:30.22383 JST	/favicon.ico PC
2014-12-09 17:52:28.237639 JST	/images/html5-badge-h-css3-semantics.png PC
2014-12-09 17:52:30.366406 JST	/css/basic.css PC
2014-12-09 17:52:30.386374 JST	/images/vcss.png PC
2014-12-09 17:52:30.388005 JST	/images/html5-badge-h-css3-semantics.png PC
2014-12-09 17:52:31.444591 JST	/favicon.ico PC
2014-12-09 17:52:33.303595 JST	/computer/web/seo/googlebot.html PC
2014-12-09 17:52:33.377296 JST	/css/basic.css PC
2014-12-09 17:52:33.384795 JST	/images/vcss.png PC
2014-12-09 17:52:33.386166 JST	/images/html5-badge-h-css3-semantics.png PC
2014-12-09 17:52:34.431913 JST	/favicon.ico PC
2014-12-09 17:52:43.01135 JST	/favicon.ico PC
2014-12-09 17:53:16.738413 JST	/favicon.ico PC
2014-12-09 17:53:24.506395 JST	/todo.html PC
2014-12-09 17:53:24.580807 JST	/css/basic.css PC
2014-12-09 17:53:24.585832 JST	/images/html5-badge-h-css3-semantics.png PC
2014-12-09 17:53:24.582886 JST	/images/vcss.png PC
2014-12-09 17:53:25.627822 JST	/favicon.ico PC
2014-12-09 17:53:57.925357 JST	/ PC
2014-12-09 17:54:00.772724 JST	/images/vcss.png PC
2014-12-09 17:54:00.795526 JST	/images/html5-badge-h-css3-semantics.png PC
2014-12-09 17:54:00.81594 JST	/private.html PC
2014-12-09 17:54:00.840568 JST	/favicon.ico PC
2014-12-09 17:54:03.042231 JST	/images/html5-badge-h-css3-semantics.png PC
2014-12-09 17:54:04.048205 JST	/css/basic.css PC
2014-12-09 17:54:04.067179 JST	/images/vcss.png PC
2014-12-09 17:54:04.109914 JST	/favicon.ico PC
2014-12-09 17:54:08.196733 JST	/diary PC
2014-12-09 17:54:10.98238 JST	/images/html5-badge-h-css3-semantics.png PC
2014-12-09 17:54:10.984605 JST	/images/vcss.png PC
2014-12-09 17:54:10.983889 JST	/css/basic.css PC
2014-12-09 17:54:12.072736 JST	/favicon.ico PC
2014-12-09 17:54:42.814137 JST	/diary PC
2014-12-09 17:54:45.481031 JST	/images/vcss.png PC
2014-12-09 17:54:45.513299 JST	/images/html5-badge-h-css3-semantics.png PC
2014-12-09 17:54:46.136049 JST	/diary/201412.html PC
2014-12-09 17:54:46.151233 JST	/favicon.ico PC
2014-12-09 17:54:46.20968 JST	/css/basic.css PC
2014-12-09 17:54:46.967073 JST	/images/html5-badge-h-css3-semantics.png PC
2014-12-09 17:54:46.211774 JST	/images/vcss.png PC
2014-12-09 17:54:48.026272 JST	/favicon.ico PC
2014-12-09 17:55:55.836313 JST	/diary/201412.html PC
2014-12-09 17:55:57.817244 JST	/css/basic.css PC
2014-12-09 17:55:57.91494 JST	/images/html5-badge-h-css3-semantics.png PC
2014-12-09 17:56:07.179072 JST	/images/vcss.png PC
2014-12-09 17:56:07.930225 JST	/favicon.ico PC
2014-12-09 17:56:08.982849 JST	/diary/201412.html PC
2014-12-09 17:56:11.790905 JST	/images/vcss.png PC
2014-12-09 17:56:11.877135 JST	/css/basic.css PC
2014-12-09 17:56:11.878522 JST	/images/html5-badge-h-css3-semantics.png PC
2014-12-09 17:56:12.922008 JST	/favicon.ico PC
2014-12-09 17:56:32.523724 JST	/favicon.ico
	Mozilla 5.0 X11; Linux x86_64; rv:32.0 Gecko 20100101 Firefox 32.0
2014-12-09 17:56:32.569577 JST	/diary/201412.html PC
2014-12-09 17:56:35.102493 JST	/css/basic.css PC
2014-12-09 17:56:35.122333 JST	/images/vcss.png PC
2014-12-09 17:56:35.162381 JST	/images/html5-badge-h-css3-semantics.png PC
2014-12-09 17:56:35.235451 JST	/favicon.ico PC
2014-12-09 17:56:36.166875 JST	/favicon.ico
	Mozilla 5.0 X11; Linux x86_64; rv:32.0 Gecko 20100101 Firefox 32.0
2014-12-09 17:57:14.489545 JST	/diary/201412.html PC
2014-12-09 17:57:17.033884 JST	/images/vcss.png PC
2014-12-09 17:57:17.114385 JST	/images/html5-badge-h-css3-semantics.png PC
2014-12-09 17:57:17.127809 JST	/css/basic.css PC
2014-12-09 17:57:17.160881 JST	/favicon.ico PC
2014-12-09 17:58:04.579751 JST	/todo.html PC
2014-12-09 17:58:04.787336 JST	/css/basic.css PC
2014-12-09 17:58:04.792014 JST	/images/vcss.png PC
2014-12-09 17:58:04.791543 JST	/images/html5-badge-h-css3-semantics.png PC
2014-12-09 17:58:05.867304 JST	/favicon.ico PC
2014-12-09 17:58:32.22566 JST	/diary/201412.html PC
2014-12-09 17:58:34.442675 JST	/css/basic.css PC
2014-12-09 17:58:34.544548 JST	/images/vcss.png PC
2014-12-09 17:58:34.550314 JST	/images/html5-badge-h-css3-semantics.png PC
2014-12-09 17:58:34.590244 JST	/favicon.ico PC
2014-12-09 17:58:36.027309 JST	/ PC
2014-12-09 17:58:38.502644 JST	/images/vcss.png PC
2014-12-09 17:58:38.582625 JST	/images/html5-badge-h-css3-semantics.png PC
2014-12-09 17:58:39.644353 JST	/favicon.ico PC
2014-12-09 17:58:39.686261 JST	/favicon.ico PC
2014-12-09 17:58:40.98792 JST	/diary/201412.html
	W3C_Validator 1.3 http: /validator.w3.org/services
2014-12-09 17:58:43.820609 JST	/favicon.ico PC
2014-12-09 17:59:24.925558 JST	/todo.html PC
2014-12-09 17:59:24.996196 JST	/css/basic.css PC
2014-12-09 17:59:25.004546 JST	/images/html5-badge-h-css3-semantics.png PC
2014-12-09 17:59:24.998229 JST	/images/vcss.png PC
2014-12-09 17:59:26.055369 JST	/favicon.ico PC
2014-12-09 18:07:13.690611 JST	/favicon.ico PC
2014-12-09 18:07:17.089118 JST	/update.html PC
2014-12-09 18:07:19.408098 JST	/css/basic.css PC
2014-12-09 18:07:19.488595 JST	/images/vcss.png PC
2014-12-09 18:07:19.563852 JST	/images/html5-badge-h-css3-semantics.png PC
2014-12-09 18:07:19.607118 JST	/favicon.ico PC
2014-12-09 18:09:08.005659 JST	/favicon.ico PC
2014-12-09 18:09:46.328894 JST	/computer/haskell/lecture/goal.html PC
2014-12-09 18:09:48.746673 JST	/favicon.ico PC
2014-12-09 18:12:01.884482 JST	/
	SSL Labs https://www.ssllabs.com/about/assessment.html
2014-12-09 18:12:14.673191 JST	/?SSL_Labs_Renegotiation_Test=User_Agent_May_Not_Show
	SSL Labs https://www.ssllabs.com/about/assessment.html
2014-12-09 18:15:32.510318 JST	/computer/haskell/lecture Phone
2014-12-09 18:15:34.778511 JST	/css/basic.css Phone
2014-12-09 18:15:34.938578 JST	/images/vcss.png Phone
2014-12-09 18:15:34.988464 JST	/images/html5-badge-h-css3-semantics.png Phone
2014-12-09 18:15:39.150581 JST	/who Phone
2014-12-09 18:15:39.500409 JST	/css/basic.css Phone
2014-12-09 18:15:39.722366 JST	/who/jibun2.jpg Phone
2014-12-09 18:15:39.772614 JST	/images/vcss.png Phone
2014-12-09 18:15:39.820341 JST	/images/html5-badge-h-css3-semantics.png Phone
2014-12-09 18:15:45.060864 JST	/who/computer.html Phone
2014-12-09 18:15:45.480382 JST	/css/basic.css Phone
2014-12-09 18:15:45.640419 JST	/images/vcss.png Phone
2014-12-09 18:15:45.690411 JST	/images/html5-badge-h-css3-semantics.png Phone
2014-12-09 18:16:08.182555 JST	/computer/haskell/lecture Phone
2014-12-09 18:16:08.510279 JST	/css/basic.css Phone
2014-12-09 18:16:08.67232 JST	/images/vcss.png Phone
2014-12-09 18:16:08.730873 JST	/images/html5-badge-h-css3-semantics.png Phone
2014-12-09 18:16:13.21258 JST	/who Phone
2014-12-09 18:16:13.582317 JST	/css/basic.css Phone
2014-12-09 18:16:13.750273 JST	/who/jibun2.jpg Phone
2014-12-09 18:16:13.800544 JST	/images/vcss.png Phone
2014-12-09 18:16:13.852265 JST	/images/html5-badge-h-css3-semantics.png Phone
2014-12-09 18:16:35.529927 JST	/ Phone
2014-12-09 18:16:35.970143 JST	/css/basic.css Phone
2014-12-09 18:16:36.190184 JST	/images/vcss.png Phone
2014-12-09 18:16:36.30018 JST	/images/html5-badge-h-css3-semantics.png Phone
2014-12-09 18:16:40.932393 JST	/update.html Phone
2014-12-09 18:16:41.360197 JST	/css/basic.css Phone
2014-12-09 18:16:41.580246 JST	/images/vcss.png Phone
2014-12-09 18:16:41.690191 JST	/images/html5-badge-h-css3-semantics.png Phone
2014-12-09 18:16:48.280131 JST	/computer/haskell/coding/this_server/stmfile_hs.html Phone
2014-12-09 18:16:48.700227 JST	/css/basic.css Phone
2014-12-09 18:16:48.930372 JST	/images/vcss.png Phone
2014-12-09 18:16:49.050237 JST	/images/html5-badge-h-css3-semantics.png Phone
2014-12-09 18:18:48.145556 JST	/
	SSL Labs https://www.ssllabs.com/about/assessment.html
2014-12-09 18:42:37.855574 JST	/computer/haskell/coding/this_server/stmfile_hs.html Phone
2014-12-09 18:42:38.175642 JST	/css/basic.css Phone
2014-12-09 18:42:38.377292 JST	/images/vcss.png Phone
2014-12-09 18:42:38.575514 JST	/images/html5-badge-h-css3-semantics.png Phone
2014-12-09 18:42:50.905991 JST	/ Phone
2014-12-09 18:42:51.335267 JST	/css/basic.css Phone
2014-12-09 18:42:51.575258 JST	/images/vcss.png Phone
2014-12-09 18:42:51.67561 JST	/images/html5-badge-h-css3-semantics.png Phone
2014-12-09 18:43:15.58467 JST	/static/lojban/cmavo_cs.xml
	Mozilla 5.0 compatible; Yahoo! Slurp; http://help.yahoo.com/help/us/ysearch/slurp
2014-12-09 18:43:22.006186 JST	/static/lojban/cmavo_cs.xml
	Mozilla 5.0 compatible; Yahoo! Slurp; http://help.yahoo.com/help/us/ysearch/slurp
2014-12-09 18:43:28.497272 JST	/static/lojban/cmavo_cs.xml
	Mozilla 5.0 compatible; Yahoo! Slurp; http://help.yahoo.com/help/us/ysearch/slurp
2014-12-09 18:43:34.92926 JST	/static/lojban/cmavo_cs.xml
	Mozilla 5.0 compatible; Yahoo! Slurp; http://help.yahoo.com/help/us/ysearch/slurp
2014-12-09 18:43:41.393235 JST	/static/lojban/cmavo_cs.xml
	Mozilla 5.0 compatible; Yahoo! Slurp; http://help.yahoo.com/help/us/ysearch/slurp
2014-12-09 18:43:47.820037 JST	/static/lojban/cmavo_cs.xml
	Mozilla 5.0 compatible; Yahoo! Slurp; http://help.yahoo.com/help/us/ysearch/slurp
2014-12-09 18:44:05.032975 JST	/computer/haskell/lecture/introduction.html Phone
2014-12-09 18:44:05.543025 JST	/css/basic.css Phone
2014-12-09 18:44:06.073525 JST	/images/vcss.png Phone
2014-12-09 18:44:06.192925 JST	/images/html5-badge-h-css3-semantics.png Phone
2014-12-09 18:44:44.869563 JST	/computer/haskell/lecture Phone
2014-12-09 18:44:45.361562 JST	/css/basic.css Phone
2014-12-09 18:44:45.599198 JST	/images/vcss.png Phone
2014-12-09 18:44:45.719374 JST	/images/html5-badge-h-css3-semantics.png Phone
2014-12-09 18:44:57.159191 JST	/who Phone
2014-12-09 18:45:00.191107 JST	/css/basic.css Phone
2014-12-09 18:45:01.583508 JST	/who/jibun2.jpg Phone
2014-12-09 18:45:01.773061 JST	/images/html5-badge-h-css3-semantics.png Phone
2014-12-09 18:45:01.58406 JST	/images/vcss.png Phone
2014-12-09 18:45:03.663281 JST	/who/jibun2.jpg Phone
2014-12-09 18:45:34.585033 JST	/who/computer.html Phone
2014-12-09 18:45:35.075033 JST	/css/basic.css Phone
2014-12-09 18:45:35.314997 JST	/images/vcss.png Phone
2014-12-09 18:45:35.414833 JST	/images/html5-badge-h-css3-semantics.png Phone
2014-12-09 18:48:11.8803 JST	/computer/haskell/lecture Phone
2014-12-09 18:48:12.360269 JST	/css/basic.css Phone
2014-12-09 18:48:12.650399 JST	/images/vcss.png Phone
2014-12-09 18:48:12.700497 JST	/images/html5-badge-h-css3-semantics.png Phone
2014-12-09 18:48:18.720614 JST	/who Phone
2014-12-09 18:48:19.060336 JST	/css/basic.css Phone
2014-12-09 18:48:19.380525 JST	/who/jibun2.jpg Phone
2014-12-09 18:48:19.48072 JST	/images/vcss.png Phone
2014-12-09 18:48:19.960402 JST	/images/html5-badge-h-css3-semantics.png Phone
2014-12-09 18:48:24.230351 JST	/who/works/ Phone
2014-12-09 18:48:24.670713 JST	/css/basic.css Phone
2014-12-09 18:48:24.930506 JST	/images/vcss.png Phone
2014-12-09 18:48:25.030247 JST	/images/html5-badge-h-css3-semantics.png Phone
2014-12-09 18:48:32.398504 JST	/computer/haskell/lecture/introduction.html Phone
2014-12-09 18:48:32.658418 JST	/css/basic.css Phone
2014-12-09 18:48:32.868962 JST	/images/vcss.png Phone
2014-12-09 18:48:32.958236 JST	/images/html5-badge-h-css3-semantics.png Phone
2014-12-09 18:48:41.708576 JST	/ Phone
2014-12-09 18:48:42.148347 JST	/css/basic.css Phone
2014-12-09 18:48:42.388501 JST	/images/vcss.png Phone
2014-12-09 18:48:42.486876 JST	/images/html5-badge-h-css3-semantics.png Phone
2014-12-09 18:48:49.528323 JST	/news.html Phone
2014-12-09 18:48:49.948327 JST	/css/basic.css Phone
2014-12-09 18:48:50.198407 JST	/images/vcss.png Phone
2014-12-09 18:48:50.291202 JST	/images/html5-badge-h-css3-semantics.png Phone
2014-12-09 18:49:09.618221 JST	/what.html Phone
2014-12-09 18:49:11.238295 JST	/css/basic.css Phone
2014-12-09 18:49:12.57642 JST	/images/html5-badge-h-css3-semantics.png Phone
2014-12-09 18:49:12.577098 JST	/images/vcss.png Phone
2014-12-09 18:49:14.593894 JST	/admin.cgi
	the beast
2014-12-09 18:49:18.526376 JST	/ Phone
2014-12-09 18:49:18.976303 JST	/css/basic.css Phone
2014-12-09 18:49:19.216194 JST	/images/vcss.png Phone
2014-12-09 18:49:19.316317 JST	/images/html5-badge-h-css3-semantics.png Phone
2014-12-09 18:49:24.16612 JST	/mailToMe.html Phone
2014-12-09 18:49:24.626209 JST	/css/basic.css Phone
2014-12-09 18:49:24.856238 JST	/images/vcss.png Phone
2014-12-09 18:49:24.956606 JST	/images/html5-badge-h-css3-semantics.png Phone
2014-12-09 18:49:30.066667 JST	/ Phone
2014-12-09 18:49:30.32821 JST	/css/basic.css Phone
2014-12-09 18:49:30.636507 JST	/images/vcss.png Phone
2014-12-09 18:49:30.766259 JST	/images/html5-badge-h-css3-semantics.png Phone
2014-12-09 18:49:42.016212 JST	/computer Phone
2014-12-09 18:49:42.466211 JST	/css/basic.css Phone
2014-12-09 18:49:42.706298 JST	/images/vcss.png Phone
2014-12-09 18:49:42.806231 JST	/images/html5-badge-h-css3-semantics.png Phone
2014-12-09 18:49:48.016188 JST	/computer/programming Phone
2014-12-09 18:49:48.436101 JST	/css/basic.css Phone
2014-12-09 18:49:48.666121 JST	/images/vcss.png Phone
2014-12-09 18:49:48.796128 JST	/images/html5-badge-h-css3-semantics.png Phone
2014-12-09 18:49:50.686169 JST	/computer/programming/algorithm Phone
2014-12-09 18:49:51.146232 JST	/css/basic.css Phone
2014-12-09 18:49:51.396098 JST	/images/vcss.png Phone
2014-12-09 18:49:51.496358 JST	/images/html5-badge-h-css3-semantics.png Phone
2014-12-09 18:49:59.036556 JST	/computer/programming/algorithm/interceding_update.html Phone
2014-12-09 18:49:59.505617 JST	/css/basic.css Phone
2014-12-09 18:49:59.766111 JST	/images/vcss.png Phone
2014-12-09 18:49:59.886161 JST	/images/html5-badge-h-css3-semantics.png Phone
2014-12-09 18:50:12.20007 JST	/computer/programming/algorithm/lock Phone
2014-12-09 18:50:13.51381 JST	/css/basic.css Phone
2014-12-09 18:50:13.702252 JST	/images/vcss.png Phone
2014-12-09 18:50:13.771351 JST	/images/html5-badge-h-css3-semantics.png Phone
2014-12-09 18:50:36.410208 JST	/computer/programming/algorithm/lock/infinite_regress.html Phone
2014-12-09 18:50:38.472251 JST	/css/basic.css Phone
2014-12-09 18:50:38.664326 JST	/images/vcss.png Phone
2014-12-09 18:50:38.724071 JST	/images/html5-badge-h-css3-semantics.png Phone
2014-12-09 18:51:22.354332 JST	/computer/programming/algorithm/ Phone
2014-12-09 18:51:22.794235 JST	/css/basic.css Phone
2014-12-09 18:51:23.054063 JST	/images/vcss.png Phone
2014-12-09 18:51:23.153986 JST	/images/html5-badge-h-css3-semantics.png Phone
2014-12-09 18:51:27.714073 JST	/computer/programming/algorithm/stm_file.html Phone
2014-12-09 18:51:28.063948 JST	/css/basic.css Phone
2014-12-09 18:51:28.373957 JST	/images/vcss.png Phone
2014-12-09 18:51:28.703799 JST	/images/html5-badge-h-css3-semantics.png Phone
2014-12-09 18:51:41.95028 JST	/computer/programming/algorithm/ Phone
2014-12-09 18:51:44.348125 JST	/css/basic.css Phone
2014-12-09 18:51:45.589767 JST	/images/vcss.png Phone
2014-12-09 18:51:46.667841 JST	/images/html5-badge-h-css3-semantics.png Phone
2014-12-09 18:51:48.712532 JST	/computer/programming/algorithm/lock Phone
2014-12-09 18:51:49.071861 JST	/css/basic.css Phone
2014-12-09 18:51:49.262002 JST	/images/html5-badge-h-css3-semantics.png Phone
2014-12-09 18:51:49.481837 JST	/images/vcss.png Phone
2014-12-09 18:52:05.159927 JST	/computer/programming/algorithm/lock/deadlock.html Phone
2014-12-09 18:52:06.907748 JST	/css/basic.css Phone
2014-12-09 18:52:08.1299 JST	/images/vcss.png Phone
2014-12-09 18:52:09.15787 JST	/images/html5-badge-h-css3-semantics.png Phone
2014-12-09 18:52:23.88001 JST	/computer/programming/algorithm/ Phone
2014-12-09 18:52:25.909829 JST	/css/basic.css Phone
2014-12-09 18:52:27.167794 JST	/images/vcss.png Phone
2014-12-09 18:52:27.168356 JST	/images/html5-badge-h-css3-semantics.png Phone
2014-12-09 18:52:30.657732 JST	/computer/programming/algorithm/stm_file.html Phone
2014-12-09 18:52:31.027794 JST	/css/basic.css Phone
2014-12-09 18:52:31.217665 JST	/images/vcss.png Phone
2014-12-09 18:52:31.267793 JST	/images/html5-badge-h-css3-semantics.png Phone
2014-12-09 18:52:39.038075 JST	/computer/programming/algorithm/stm Phone
2014-12-09 18:52:39.51795 JST	/css/basic.css Phone
2014-12-09 18:52:39.768175 JST	/images/vcss.png Phone
2014-12-09 18:52:39.867894 JST	/images/html5-badge-h-css3-semantics.png Phone
2014-12-09 18:54:52.423174 JST	/static/lojban/gismu_art-guaspi.xml
	Mozilla 5.0 compatible; Yahoo! Slurp; http://help.yahoo.com/help/us/ysearch/slurp
2014-12-09 18:54:58.986832 JST	/static/lojban/gismu_art-guaspi.xml
	Mozilla 5.0 compatible; Yahoo! Slurp; http://help.yahoo.com/help/us/ysearch/slurp
2014-12-09 18:55:05.178574 JST	/static/lojban/gismu_art-guaspi.xml
	Mozilla 5.0 compatible; Yahoo! Slurp; http://help.yahoo.com/help/us/ysearch/slurp
2014-12-09 18:55:11.502599 JST	/static/lojban/gismu_art-guaspi.xml
	Mozilla 5.0 compatible; Yahoo! Slurp; http://help.yahoo.com/help/us/ysearch/slurp
2014-12-09 18:55:17.901234 JST	/static/lojban/gismu_art-guaspi.xml
	Mozilla 5.0 compatible; Yahoo! Slurp; http://help.yahoo.com/help/us/ysearch/slurp
2014-12-09 18:55:24.354071 JST	/static/lojban/gismu_art-guaspi.xml
	Mozilla 5.0 compatible; Yahoo! Slurp; http://help.yahoo.com/help/us/ysearch/slurp
2014-12-09 20:37:50.370642 JST	/computer/haskell/lecture/introduction.html Phone
2014-12-09 20:37:50.846606 JST	/css/basic.css Phone
2014-12-09 20:37:51.176629 JST	/images/vcss.png Phone
2014-12-09 20:37:51.306622 JST	/images/html5-badge-h-css3-semantics.png Phone
2014-12-09 20:38:00.260321 JST	/computer/haskell/lecture Phone
2014-12-09 20:38:00.846545 JST	/css/basic.css Phone
2014-12-09 20:38:01.086732 JST	/images/vcss.png Phone
2014-12-09 20:38:01.206694 JST	/images/html5-badge-h-css3-semantics.png Phone
2014-12-09 20:38:04.246702 JST	/who Phone
2014-12-09 20:38:04.696387 JST	/css/basic.css Phone
2014-12-09 20:38:04.936517 JST	/who/jibun2.jpg Phone
2014-12-09 20:38:05.026318 JST	/images/vcss.png Phone
2014-12-09 20:38:05.146494 JST	/images/html5-badge-h-css3-semantics.png Phone
2014-12-09 20:39:42.559963 JST	/who/computer.html Phone
2014-12-09 20:39:43.000029 JST	/css/basic.css Phone
2014-12-09 20:39:43.240573 JST	/images/vcss.png Phone
2014-12-09 20:39:43.33927 JST	/images/html5-badge-h-css3-semantics.png Phone
2014-12-09 20:39:56.714617 JST	/who/computer.html Phone
2014-12-09 20:39:58.583204 JST	/css/basic.css Phone
2014-12-09 20:39:58.772346 JST	/images/vcss.png Phone
2014-12-09 20:39:58.974583 JST	/images/html5-badge-h-css3-semantics.png Phone
2014-12-09 20:40:09.644462 JST	/who/computer.html Phone
2014-12-09 20:40:11.642555 JST	/css/basic.css Phone
2014-12-09 20:40:11.882534 JST	/images/vcss.png Phone
2014-12-09 20:40:11.940502 JST	/images/html5-badge-h-css3-semantics.png Phone
2014-12-09 20:40:24.920924 JST	/who/ Phone
2014-12-09 20:40:25.279882 JST	/css/basic.css Phone
2014-12-09 20:40:25.460081 JST	/who/jibun2.jpg Phone
2014-12-09 20:40:25.509601 JST	/images/vcss.png Phone
2014-12-09 20:40:25.560329 JST	/images/html5-badge-h-css3-semantics.png Phone
2014-12-09 20:40:32.508924 JST	/ Phone
2014-12-09 20:40:32.93049 JST	/css/basic.css Phone
2014-12-09 20:40:33.170022 JST	/images/vcss.png Phone
2014-12-09 20:40:33.270184 JST	/images/html5-badge-h-css3-semantics.png Phone
2014-12-09 20:49:49.113616 JST	/lojban/tables/art-guaspi/cmavo_table.html
	Mozilla 5.0 compatible; Yahoo! Slurp; http://help.yahoo.com/help/us/ysearch/slurp
2014-12-09 20:49:55.610544 JST	/lojban/tables/art-guaspi/cmavo_table.html
	Mozilla 5.0 compatible; Yahoo! Slurp; http://help.yahoo.com/help/us/ysearch/slurp
2014-12-09 20:50:02.075257 JST	/lojban/tables/art-guaspi/cmavo_table.html
	Mozilla 5.0 compatible; Yahoo! Slurp; http://help.yahoo.com/help/us/ysearch/slurp
2014-12-09 20:50:08.237238 JST	/lojban/tables/art-guaspi/cmavo_table.html
	Mozilla 5.0 compatible; Yahoo! Slurp; http://help.yahoo.com/help/us/ysearch/slurp
2014-12-09 20:50:14.561191 JST	/lojban/tables/art-guaspi/cmavo_table.html
	Mozilla 5.0 compatible; Yahoo! Slurp; http://help.yahoo.com/help/us/ysearch/slurp
2014-12-09 20:50:20.907644 JST	/lojban/tables/art-guaspi/cmavo_table.html
	Mozilla 5.0 compatible; Yahoo! Slurp; http://help.yahoo.com/help/us/ysearch/slurp
2014-12-09 21:53:41.629888 JST	/lojban/tables/zh/cmavo_table.html
	Mozilla 5.0 compatible; Yahoo! Slurp; http://help.yahoo.com/help/us/ysearch/slurp
2014-12-09 21:53:48.197394 JST	/lojban/tables/zh/cmavo_table.html
	Mozilla 5.0 compatible; Yahoo! Slurp; http://help.yahoo.com/help/us/ysearch/slurp
2014-12-09 21:53:54.668818 JST	/lojban/tables/zh/cmavo_table.html
	Mozilla 5.0 compatible; Yahoo! Slurp; http://help.yahoo.com/help/us/ysearch/slurp
2014-12-09 21:54:01.290857 JST	/lojban/tables/zh/cmavo_table.html
	Mozilla 5.0 compatible; Yahoo! Slurp; http://help.yahoo.com/help/us/ysearch/slurp
2014-12-09 21:54:07.848978 JST	/lojban/tables/zh/cmavo_table.html
	Mozilla 5.0 compatible; Yahoo! Slurp; http://help.yahoo.com/help/us/ysearch/slurp
2014-12-09 21:54:14.312753 JST	/lojban/tables/zh/cmavo_table.html
	Mozilla 5.0 compatible; Yahoo! Slurp; http://help.yahoo.com/help/us/ysearch/slurp
2014-12-09 22:41:40.937039 JST	/robots.txt
	Mozilla 5.0 compatible; bingbot/2.0; +http://www.bing.com/bingbot.htm
2014-12-09 22:41:44.829698 JST	/
	Mozilla 5.0 compatible; bingbot/2.0; +http://www.bing.com/bingbot.htm
2014-12-09 23:39:49.056624 JST	/static/lojban/cmavo_es.xml
	Mozilla 5.0 compatible; Yahoo! Slurp; http://help.yahoo.com/help/us/ysearch/slurp
2014-12-09 23:39:55.519179 JST	/static/lojban/cmavo_es.xml
	Mozilla 5.0 compatible; Yahoo! Slurp; http://help.yahoo.com/help/us/ysearch/slurp
2014-12-09 23:40:01.867984 JST	/static/lojban/cmavo_es.xml
	Mozilla 5.0 compatible; Yahoo! Slurp; http://help.yahoo.com/help/us/ysearch/slurp
2014-12-09 23:40:08.118591 JST	/static/lojban/cmavo_es.xml
	Mozilla 5.0 compatible; Yahoo! Slurp; http://help.yahoo.com/help/us/ysearch/slurp
2014-12-09 23:40:14.644127 JST	/static/lojban/cmavo_es.xml
	Mozilla 5.0 compatible; Yahoo! Slurp; http://help.yahoo.com/help/us/ysearch/slurp
2014-12-09 23:40:21.055117 JST	/static/lojban/cmavo_es.xml
	Mozilla 5.0 compatible; Yahoo! Slurp; http://help.yahoo.com/help/us/ysearch/slurp
2014-12-10 00:07:13.638549 JST	/static/lojban/gismu_ka.xml
	Mozilla 5.0 compatible; Yahoo! Slurp; http://help.yahoo.com/help/us/ysearch/slurp
2014-12-10 00:07:19.823241 JST	/static/lojban/gismu_ka.xml
	Mozilla 5.0 compatible; Yahoo! Slurp; http://help.yahoo.com/help/us/ysearch/slurp
2014-12-10 00:07:26.140301 JST	/static/lojban/gismu_ka.xml
	Mozilla 5.0 compatible; Yahoo! Slurp; http://help.yahoo.com/help/us/ysearch/slurp
2014-12-10 00:07:32.439177 JST	/static/lojban/gismu_ka.xml
	Mozilla 5.0 compatible; Yahoo! Slurp; http://help.yahoo.com/help/us/ysearch/slurp
2014-12-10 00:07:38.887123 JST	/static/lojban/gismu_ka.xml
	Mozilla 5.0 compatible; Yahoo! Slurp; http://help.yahoo.com/help/us/ysearch/slurp
2014-12-10 00:07:45.180502 JST	/static/lojban/gismu_ka.xml
	Mozilla 5.0 compatible; Yahoo! Slurp; http://help.yahoo.com/help/us/ysearch/slurp
2014-12-10 00:15:36.116155 JST	/robots.txt
	Mozilla 5.0 compatible; Googlebot/2.1; +http://www.google.com/bot.html
2014-12-10 00:15:36.452695 JST	/computer/programming/algorithm/
	Mozilla 5.0 compatible; Googlebot/2.1; +http://www.google.com/bot.html
2014-12-10 00:17:52.880388 JST	/computer/programming/algorithm/lock
	Mozilla 5.0 compatible; Googlebot/2.1; +http://www.google.com/bot.html
2014-12-10 00:17:53.867303 JST	/computer/programming/
	Mozilla 5.0 compatible; Googlebot/2.1; +http://www.google.com/bot.html
2014-12-10 00:18:52.904025 JST	/computer/programming/algorithm/stm
	Mozilla 5.0 compatible; Googlebot/2.1; +http://www.google.com/bot.html
2014-12-10 00:19:56.148481 JST	/computer/programming/algorithm/stm_file.html
	Mozilla 5.0 compatible; Googlebot/2.1; +http://www.google.com/bot.html
2014-12-10 00:21:06.943882 JST	/computer/programming/algorithm/interceding_update.html
	Mozilla 5.0 compatible; Googlebot/2.1; +http://www.google.com/bot.html
2014-12-10 00:22:33.544755 JST	/computer/programming/algorithm/lock/deadlock.html
	Mozilla 5.0 compatible; Googlebot/2.1; +http://www.google.com/bot.html
2014-12-10 00:23:34.892839 JST	/computer/programming/algorithm
	Mozilla 5.0 compatible; Googlebot/2.1; +http://www.google.com/bot.html
2014-12-10 00:25:42.793401 JST	/computer/programming/algorithm/lock/infinite_regress.html
	Mozilla 5.0 compatible; Googlebot/2.1; +http://www.google.com/bot.html
2014-12-10 00:27:46.423625 JST	/computer/programming/algorithm/lock/
	Mozilla 5.0 compatible; Googlebot/2.1; +http://www.google.com/bot.html
2014-12-10 00:33:13.696335 JST	mx0.mail2000.com.tw:25
2014-12-10 00:33:47.834578 JST	/static/lojban/cmavo_de.xml
	Mozilla 5.0 compatible; Yahoo! Slurp; http://help.yahoo.com/help/us/ysearch/slurp
2014-12-10 00:33:54.298742 JST	/static/lojban/cmavo_de.xml
	Mozilla 5.0 compatible; Yahoo! Slurp; http://help.yahoo.com/help/us/ysearch/slurp
2014-12-10 00:34:00.678746 JST	/static/lojban/cmavo_de.xml
	Mozilla 5.0 compatible; Yahoo! Slurp; http://help.yahoo.com/help/us/ysearch/slurp
2014-12-10 00:34:07.130077 JST	/static/lojban/cmavo_de.xml
	Mozilla 5.0 compatible; Yahoo! Slurp; http://help.yahoo.com/help/us/ysearch/slurp
2014-12-10 00:34:13.595769 JST	/static/lojban/cmavo_de.xml
	Mozilla 5.0 compatible; Yahoo! Slurp; http://help.yahoo.com/help/us/ysearch/slurp
2014-12-10 00:34:20.026503 JST	/static/lojban/cmavo_de.xml
	Mozilla 5.0 compatible; Yahoo! Slurp; http://help.yahoo.com/help/us/ysearch/slurp
2014-12-10 01:14:23.141814 JST	/computer/haskell/howto/hackage/
	Mozilla 5.0 compatible; Googlebot/2.1; +http://www.google.com/bot.html
2014-12-10 01:19:29.040857 JST	/computer/haskell/howto/
	Mozilla 5.0 compatible; Googlebot/2.1; +http://www.google.com/bot.html
2014-12-10 01:21:26.259369 JST	/favicon.ico
	Mozilla 5.0 X11; Linux x86_64; rv:32.0 Gecko 20100101 Firefox 32.0
2014-12-10 01:21:26.581767 JST	/computer/haskell/howto/hackage/upload_docs.html
	Mozilla 5.0 compatible; Googlebot/2.1; +http://www.google.com/bot.html
2014-12-10 01:21:28.47849 JST	/favicon.ico
	Mozilla 5.0 X11; Linux x86_64; rv:32.0 Gecko 20100101 Firefox 32.0
2014-12-10 01:23:23.917546 JST	/computer/haskell/howto/hackage
	Mozilla 5.0 compatible; Googlebot/2.1; +http://www.google.com/bot.html
2014-12-10 01:23:40.473507 JST	/computer/haskell/howto
	Mozilla 5.0 compatible; Googlebot/2.1; +http://www.google.com/bot.html
2014-12-10 02:00:00.558934 JST	/
2014-12-10 02:00:30.390521 JST	/robots.txt
	Mozilla 5.0 compatible; Yahoo! Slurp; http://help.yahoo.com/help/us/ysearch/slurp
2014-12-10 02:00:30.731622 JST	/private.html
	Mozilla 5.0 compatible; Yahoo! Slurp; http://help.yahoo.com/help/us/ysearch/slurp
2014-12-10 02:12:39.643541 JST	/computer/haskell/lecture/introduction.html
	Mozilla 5.0 compatible; Googlebot/2.1; +http://www.google.com/bot.html
2014-12-10 03:09:47.683607 JST	/user/soapCaller.bs
	Morfeus Fucking Scanner
2014-12-10 03:17:01.643105 JST	/user/soapCaller.bs
	Morfeus Fucking Scanner
2014-12-10 03:39:16.991052 JST	/
	Mozilla 5.0 Windows NT 6.1; rv:6.0 Gecko 20110814 Firefox 6.0 Google favicon
2014-12-10 03:39:17.278777 JST	/favicon.ico
	Mozilla 5.0 Windows NT 6.1; rv:6.0 Gecko 20110814 Firefox 6.0 Google favicon
2014-12-10 06:10:43.089279 JST	/robots.txt
	Mozilla 5.0 compatible; Yahoo! Slurp; http://help.yahoo.com/help/us/ysearch/slurp
2014-12-10 06:10:44.278541 JST	/lojban/tables/hu/cmavo_table.html
	Mozilla 5.0 compatible; Yahoo! Slurp; http://help.yahoo.com/help/us/ysearch/slurp
2014-12-10 06:10:50.511659 JST	/lojban/tables/hu/cmavo_table.html
	Mozilla 5.0 compatible; Yahoo! Slurp; http://help.yahoo.com/help/us/ysearch/slurp
2014-12-10 06:10:56.778516 JST	/lojban/tables/hu/cmavo_table.html
	Mozilla 5.0 compatible; Yahoo! Slurp; http://help.yahoo.com/help/us/ysearch/slurp
2014-12-10 06:11:03.025567 JST	/lojban/tables/hu/cmavo_table.html
	Mozilla 5.0 compatible; Yahoo! Slurp; http://help.yahoo.com/help/us/ysearch/slurp
2014-12-10 06:11:09.253697 JST	/lojban/tables/hu/cmavo_table.html
	Mozilla 5.0 compatible; Yahoo! Slurp; http://help.yahoo.com/help/us/ysearch/slurp
2014-12-10 06:11:15.547672 JST	/lojban/tables/hu/cmavo_table.html
	Mozilla 5.0 compatible; Yahoo! Slurp; http://help.yahoo.com/help/us/ysearch/slurp
2014-12-10 06:57:21.346564 JST	/computer/haskell/lecture/introduction.html Phone
2014-12-10 06:57:21.74567 JST	/css/basic.css Phone
2014-12-10 06:57:21.956767 JST	/images/vcss.png Phone
2014-12-10 06:57:22.187053 JST	/images/html5-badge-h-css3-semantics.png Phone
2014-12-10 07:00:13.140319 JST	/computer/haskell/lecture Phone
2014-12-10 07:00:13.780131 JST	/css/basic.css Phone
2014-12-10 07:00:14.349987 JST	/images/vcss.png Phone
2014-12-10 07:00:14.490095 JST	/images/html5-badge-h-css3-semantics.png Phone
2014-12-10 07:00:17.050099 JST	/who Phone
2014-12-10 07:00:18.369987 JST	/css/basic.css Phone
2014-12-10 07:00:18.939935 JST	/who/jibun2.jpg Phone
2014-12-10 07:00:19.0702 JST	/images/vcss.png Phone
2014-12-10 07:00:19.190042 JST	/images/html5-badge-h-css3-semantics.png Phone
2014-12-10 07:00:36.408135 JST	/computer/haskell/lecture/introduction.html Phone
2014-12-10 07:00:37.954544 JST	/css/basic.css Phone
2014-12-10 07:00:38.284119 JST	/images/vcss.png Phone
2014-12-10 07:00:38.343873 JST	/images/html5-badge-h-css3-semantics.png Phone
2014-12-10 07:00:46.135822 JST	/computer/haskell/lecture/goal.html Phone
2014-12-10 07:00:47.03593 JST	/css/basic.css Phone
2014-12-10 07:00:47.376051 JST	/images/vcss.png Phone
2014-12-10 07:00:47.845872 JST	/images/html5-badge-h-css3-semantics.png Phone
2014-12-10 07:01:02.565918 JST	/computer/haskell/lecture Phone
2014-12-10 07:01:37.524024 JST	/computer/haskell/lecture/introduction.html Phone
2014-12-10 07:01:38.103708 JST	/css/basic.css Phone
2014-12-10 07:01:38.601897 JST	/images/vcss.png Phone
2014-12-10 07:01:38.663859 JST	/images/html5-badge-h-css3-semantics.png Phone
2014-12-10 07:02:04.13227 JST	/ Phone
2014-12-10 07:02:04.524182 JST	/css/basic.css Phone
2014-12-10 07:02:07.053968 JST	/images/vcss.png Phone
2014-12-10 07:02:07.424133 JST	/images/html5-badge-h-css3-semantics.png Phone
2014-12-10 07:03:14.229693 JST	/update.html Phone
2014-12-10 07:03:15.008268 JST	/css/basic.css Phone
2014-12-10 07:03:17.918095 JST	/images/vcss.png Phone
2014-12-10 07:03:18.057826 JST	/images/html5-badge-h-css3-semantics.png Phone
2014-12-10 07:03:23.848057 JST	/computer/haskell/coding/this_server/stmfile_hs.html Phone
2014-12-10 07:03:25.537871 JST	/css/basic.css Phone
2014-12-10 07:03:27.628224 JST	/images/vcss.png Phone
2014-12-10 07:03:27.777963 JST	/images/html5-badge-h-css3-semantics.png Phone
2014-12-10 07:03:45.527926 JST	/ Phone
2014-12-10 07:18:09.014364 JST	/ Phone
2014-12-10 07:18:09.344087 JST	/css/basic.css Phone
2014-12-10 07:18:13.52191 JST	/images/vcss.png Phone
2014-12-10 07:18:13.652936 JST	/images/html5-badge-h-css3-semantics.png Phone
2014-12-10 07:18:20.825542 JST	/todo.html Phone
2014-12-10 07:18:23.234332 JST	/css/basic.css Phone
2014-12-10 07:18:24.212727 JST	/images/html5-badge-h-css3-semantics.png Phone
2014-12-10 07:18:24.311606 JST	/images/vcss.png Phone
2014-12-10 07:25:35.05555 JST	/administrator.cgi
	the beast
2014-12-10 08:33:06.104571 JST	/haskell/packages/png-file
	Mozilla 5.0 Macintosh; Intel Mac OS X 10_9_5 AppleWebKit 537.36 KHTML, like Gecko Chrome 39.0.2171.71 Safari 537.36
2014-12-10 08:33:53.767656 JST	/haskell/packages/png-file
	Mozilla 5.0 Macintosh; Intel Mac OS X 10_9_5 AppleWebKit 537.36 KHTML, like Gecko Chrome 39.0.2171.71 Safari 537.36
2014-12-10 08:33:58.039694 JST	/
	Mozilla 5.0 Macintosh; Intel Mac OS X 10_9_5 AppleWebKit 537.36 KHTML, like Gecko Chrome 39.0.2171.71 Safari 537.36
2014-12-10 08:34:00.418925 JST	/css/basic.css
	Mozilla 5.0 Macintosh; Intel Mac OS X 10_9_5 AppleWebKit 537.36 KHTML, like Gecko Chrome 39.0.2171.71 Safari 537.36
2014-12-10 08:34:01.033571 JST	/images/vcss.png
	Mozilla 5.0 Macintosh; Intel Mac OS X 10_9_5 AppleWebKit 537.36 KHTML, like Gecko Chrome 39.0.2171.71 Safari 537.36
2014-12-10 08:34:02.795942 JST	/humanlang
	Mozilla 5.0 Macintosh; Intel Mac OS X 10_9_5 AppleWebKit 537.36 KHTML, like Gecko Chrome 39.0.2171.71 Safari 537.36
2014-12-10 08:34:05.17934 JST	/css/basic.css
	Mozilla 5.0 Macintosh; Intel Mac OS X 10_9_5 AppleWebKit 537.36 KHTML, like Gecko Chrome 39.0.2171.71 Safari 537.36
2014-12-10 08:34:05.971678 JST	/images/html5-badge-h-css3-semantics.png
	Mozilla 5.0 Macintosh; Intel Mac OS X 10_9_5 AppleWebKit 537.36 KHTML, like Gecko Chrome 39.0.2171.71 Safari 537.36
2014-12-10 08:34:05.972378 JST	/images/vcss.png
	Mozilla 5.0 Macintosh; Intel Mac OS X 10_9_5 AppleWebKit 537.36 KHTML, like Gecko Chrome 39.0.2171.71 Safari 537.36
2014-12-10 08:34:08.479235 JST	/images/vcss.png
	Mozilla 5.0 Macintosh; Intel Mac OS X 10_9_5 AppleWebKit 537.36 KHTML, like Gecko Chrome 39.0.2171.71 Safari 537.36
2014-12-10 08:34:15.22702 JST	/computer
	Mozilla 5.0 Macintosh; Intel Mac OS X 10_9_5 AppleWebKit 537.36 KHTML, like Gecko Chrome 39.0.2171.71 Safari 537.36
2014-12-10 08:34:15.646545 JST	/css/basic.css
	Mozilla 5.0 Macintosh; Intel Mac OS X 10_9_5 AppleWebKit 537.36 KHTML, like Gecko Chrome 39.0.2171.71 Safari 537.36
2014-12-10 08:34:16.000546 JST	/images/vcss.png
	Mozilla 5.0 Macintosh; Intel Mac OS X 10_9_5 AppleWebKit 537.36 KHTML, like Gecko Chrome 39.0.2171.71 Safari 537.36
2014-12-10 08:34:16.006795 JST	/images/html5-badge-h-css3-semantics.png
	Mozilla 5.0 Macintosh; Intel Mac OS X 10_9_5 AppleWebKit 537.36 KHTML, like Gecko Chrome 39.0.2171.71 Safari 537.36
2014-12-10 08:34:20.611157 JST	/computer/haskell
	Mozilla 5.0 Macintosh; Intel Mac OS X 10_9_5 AppleWebKit 537.36 KHTML, like Gecko Chrome 39.0.2171.71 Safari 537.36
2014-12-10 08:34:22.726641 JST	/css/basic.css
	Mozilla 5.0 Macintosh; Intel Mac OS X 10_9_5 AppleWebKit 537.36 KHTML, like Gecko Chrome 39.0.2171.71 Safari 537.36
2014-12-10 08:34:25.411045 JST	/images/vcss.png
	Mozilla 5.0 Macintosh; Intel Mac OS X 10_9_5 AppleWebKit 537.36 KHTML, like Gecko Chrome 39.0.2171.71 Safari 537.36
2014-12-10 08:34:25.426166 JST	/images/html5-badge-h-css3-semantics.png
	Mozilla 5.0 Macintosh; Intel Mac OS X 10_9_5 AppleWebKit 537.36 KHTML, like Gecko Chrome 39.0.2171.71 Safari 537.36
2014-12-10 08:34:33.407104 JST	/computer/haskell/coding
	Mozilla 5.0 Macintosh; Intel Mac OS X 10_9_5 AppleWebKit 537.36 KHTML, like Gecko Chrome 39.0.2171.71 Safari 537.36
2014-12-10 08:34:36.074618 JST	/css/basic.css
	Mozilla 5.0 Macintosh; Intel Mac OS X 10_9_5 AppleWebKit 537.36 KHTML, like Gecko Chrome 39.0.2171.71 Safari 537.36
2014-12-10 08:34:39.537623 JST	/favicon.ico
	Mozilla 5.0 Macintosh; Intel Mac OS X 10_9_5 AppleWebKit 537.36 KHTML, like Gecko Chrome 39.0.2171.71 Safari 537.36
2014-12-10 08:34:39.551506 JST	/images/vcss.png
	Mozilla 5.0 Macintosh; Intel Mac OS X 10_9_5 AppleWebKit 537.36 KHTML, like Gecko Chrome 39.0.2171.71 Safari 537.36
2014-12-10 08:34:39.559234 JST	/images/html5-badge-h-css3-semantics.png
	Mozilla 5.0 Macintosh; Intel Mac OS X 10_9_5 AppleWebKit 537.36 KHTML, like Gecko Chrome 39.0.2171.71 Safari 537.36
2014-12-10 08:34:47.739267 JST	/computer/haskell/coding/this_server
	Mozilla 5.0 Macintosh; Intel Mac OS X 10_9_5 AppleWebKit 537.36 KHTML, like Gecko Chrome 39.0.2171.71 Safari 537.36
2014-12-10 08:34:48.957489 JST	/css/basic.css
	Mozilla 5.0 Macintosh; Intel Mac OS X 10_9_5 AppleWebKit 537.36 KHTML, like Gecko Chrome 39.0.2171.71 Safari 537.36
2014-12-10 08:34:50.016872 JST	/favicon.ico
	Mozilla 5.0 Macintosh; Intel Mac OS X 10_9_5 AppleWebKit 537.36 KHTML, like Gecko Chrome 39.0.2171.71 Safari 537.36
2014-12-10 08:34:51.605024 JST	/images/vcss.png
	Mozilla 5.0 Macintosh; Intel Mac OS X 10_9_5 AppleWebKit 537.36 KHTML, like Gecko Chrome 39.0.2171.71 Safari 537.36
2014-12-10 08:34:51.636569 JST	/images/html5-badge-h-css3-semantics.png
	Mozilla 5.0 Macintosh; Intel Mac OS X 10_9_5 AppleWebKit 537.36 KHTML, like Gecko Chrome 39.0.2171.71 Safari 537.36
2014-12-10 08:34:56.738491 JST	/computer/haskell/coding/this_server/stmfile_hs.html
	Mozilla 5.0 Macintosh; Intel Mac OS X 10_9_5 AppleWebKit 537.36 KHTML, like Gecko Chrome 39.0.2171.71 Safari 537.36
2014-12-10 08:34:59.106566 JST	/css/basic.css
	Mozilla 5.0 Macintosh; Intel Mac OS X 10_9_5 AppleWebKit 537.36 KHTML, like Gecko Chrome 39.0.2171.71 Safari 537.36
2014-12-10 08:35:01.761863 JST	/favicon.ico
	Mozilla 5.0 Macintosh; Intel Mac OS X 10_9_5 AppleWebKit 537.36 KHTML, like Gecko Chrome 39.0.2171.71 Safari 537.36
2014-12-10 08:35:01.810133 JST	/images/vcss.png
	Mozilla 5.0 Macintosh; Intel Mac OS X 10_9_5 AppleWebKit 537.36 KHTML, like Gecko Chrome 39.0.2171.71 Safari 537.36
2014-12-10 08:35:02.091408 JST	/images/html5-badge-h-css3-semantics.png
	Mozilla 5.0 Macintosh; Intel Mac OS X 10_9_5 AppleWebKit 537.36 KHTML, like Gecko Chrome 39.0.2171.71 Safari 537.36
2014-12-10 08:35:13.963454 JST	/favicon.ico
	Mozilla 5.0 Macintosh; Intel Mac OS X 10_9_5 AppleWebKit 537.36 KHTML, like Gecko Chrome 39.0.2171.71 Safari 537.36
2014-12-10 08:35:25.618935 JST	/
2014-12-10 09:10:03.860893 JST	/
	SSL Labs https://www.ssllabs.com/about/assessment.html
2014-12-10 09:10:16.517145 JST	/?SSL_Labs_Renegotiation_Test=User_Agent_May_Not_Show
	SSL Labs https://www.ssllabs.com/about/assessment.html
2014-12-10 09:16:46.06474 JST	/
	SSL Labs https://www.ssllabs.com/about/assessment.html
2014-12-10 10:27:42.966781 JST	/
	SSL Labs https://www.ssllabs.com/about/assessment.html
2014-12-10 10:27:55.347487 JST	/?SSL_Labs_Renegotiation_Test=User_Agent_May_Not_Show
	SSL Labs https://www.ssllabs.com/about/assessment.html
